<?xml version="1.0" encoding="UTF-8"?>
<!-- Generated by org.testng.reporters.JUnitXMLReporter -->
<testsuite hostname="Arun-PC" name="Default test" tests="6" failures="0" timestamp="6 Aug 2015 13:19:38 GMT" time="0.062" errors="0">
  <testcase name="@BeforeTest config" time="0.0" classname="fotf_Testcase.Homepage">
    <failure type="org.testng.TestNGException" message="
Parameter &amp;apos;browser&amp;apos; is required by @Configuration on method config but has not been marked @Optional or defined
in C:\Users\Arun\AppData\Local\Temp\testng-eclipse-117554019\testng-customsuite.xml">
      <![CDATA[org.testng.TestNGException: 
Parameter 'browser' is required by @Configuration on method config but has not been marked @Optional or defined
in C:\Users\Arun\AppData\Local\Temp\testng-eclipse-117554019\testng-customsuite.xml
	at org.testng.internal.Parameters.createParameters(Parameters.java:155)
	at org.testng.internal.Parameters.createParameters(Parameters.java:358)
	at org.testng.internal.Parameters.createConfigurationParameters(Parameters.java:86)
	at org.testng.internal.Invoker.invokeConfigurations(Invoker.java:199)
	at org.testng.internal.Invoker.invokeConfigurations(Invoker.java:138)
	at org.testng.TestRunner.beforeRun(TestRunner.java:641)
	at org.testng.TestRunner.run(TestRunner.java:609)
	at org.testng.SuiteRunner.runTest(SuiteRunner.java:334)
	at org.testng.SuiteRunner.runSequentially(SuiteRunner.java:329)
	at org.testng.SuiteRunner.privateRun(SuiteRunner.java:291)
	at org.testng.SuiteRunner.run(SuiteRunner.java:240)
	at org.testng.SuiteRunnerWorker.runSuite(SuiteRunnerWorker.java:52)
	at org.testng.SuiteRunnerWorker.run(SuiteRunnerWorker.java:86)
	at org.testng.TestNG.runSuitesSequentially(TestNG.java:1224)
	at org.testng.TestNG.runSuitesLocally(TestNG.java:1149)
	at org.testng.TestNG.run(TestNG.java:1057)
	at org.testng.remote.RemoteTestNG.run(RemoteTestNG.java:111)
	at org.testng.remote.RemoteTestNG.initAndRun(RemoteTestNG.java:204)
	at org.testng.remote.RemoteTestNG.main(RemoteTestNG.java:175)
]]>
    </failure>
  </testcase> <!-- @BeforeTest config -->
  <testcase name="sample1" time="0.008" classname="fotf_Testcase.Channelpage">
    <skipped/>
  </testcase> <!-- sample1 -->
  <testcase name="sample2" time="0.001" classname="fotf_Testcase.Channelpage">
    <skipped/>
  </testcase> <!-- sample2 -->
  <testcase name="sample3" time="0.001" classname="fotf_Testcase.Channelpage">
    <skipped/>
  </testcase> <!-- sample3 -->
  <testcase name="verify_fotf_channel" time="0.001" classname="fotf_Testcase.Channelpage">
    <skipped/>
  </testcase> <!-- verify_fotf_channel -->
  <testcase name="click_fotf_channels" time="0.001" classname="fotf_Testcase.Homepage">
    <skipped/>
  </testcase> <!-- click_fotf_channels -->
  <testcase name="verify_fotf_logo" time="0.001" classname="fotf_Testcase.Homepage">
    <skipped/>
  </testcase> <!-- verify_fotf_logo -->
</testsuite> <!-- Default test -->
