<?xml version="1.0" encoding="UTF-8"?>
<!-- Generated by org.testng.reporters.JUnitXMLReporter -->
<testsuite hostname="Arun-PC" name="Chrome" tests="6" failures="1" timestamp="6 Aug 2015 15:28:51 GMT" time="72.402" errors="0">
  <testcase name="verify_fotf_logo" time="0.033" classname="fotf_Testcase.Homepage"/>
  <testcase name="click_fotf_channels" time="9.224" classname="fotf_Testcase.Homepage"/>
  <testcase name="verify_fotf_channel" time="10.048" classname="fotf_Testcase.Channelpage">
    <failure type="org.openqa.selenium.NoSuchElementException" message="no such element
  (Session info: chrome=44.0.2403.125)
  (Driver info: chromedriver=2.12.301325 (962dea43ddd90e7e4224a03fa3c36a421281abb7),platform=Windows NT 6.1 SP1 x86_64) (WARNING: The server did not provide any stacktrace information)
Command duration or timeout: 10.05 seconds
For documentation on this error, please visit: http://seleniumhq.org/exceptions/no_such_element.html
Build info: version: &amp;apos;2.46.0&amp;apos;, revision: &amp;apos;87c69e2&amp;apos;, time: &amp;apos;2015-06-04 16:17:10&amp;apos;
System info: host: &amp;apos;Arun-PC&amp;apos;, ip: &amp;apos;192.2.200.57&amp;apos;, os.name: &amp;apos;Windows 7&amp;apos;, os.arch: &amp;apos;amd64&amp;apos;, os.version: &amp;apos;6.1&amp;apos;, java.version: &amp;apos;1.8.0_05&amp;apos;
Driver info: org.openqa.selenium.chrome.ChromeDriver
Capabilities [{applicationCacheEnabled=false, rotatable=false, mobileEmulationEnabled=false, chrome={userDataDir=C:\Users\Arun\AppData\Local\Temp\scoped_dir12380_26795}, takesHeapSnapshot=true, databaseEnabled=false, handlesAlerts=true, version=44.0.2403.125, platform=XP, browserConnectionEnabled=false, nativeEvents=true, acceptSslCerts=true, locationContextEnabled=true, webStorageEnabled=true, browserName=chrome, takesScreenshot=true, javascriptEnabled=true, cssSelectorsEnabled=true}]
Session ID: 992ef4b30402f8ef839f4cf217aad164
*** Element info: {Using=xpath, value=html/body/div[2]/article/div/div[1]/section/div/img}">
      <![CDATA[org.openqa.selenium.NoSuchElementException: no such element
  (Session info: chrome=44.0.2403.125)
  (Driver info: chromedriver=2.12.301325 (962dea43ddd90e7e4224a03fa3c36a421281abb7),platform=Windows NT 6.1 SP1 x86_64) (WARNING: The server did not provide any stacktrace information)
Command duration or timeout: 10.05 seconds
For documentation on this error, please visit: http://seleniumhq.org/exceptions/no_such_element.html
Build info: version: '2.46.0', revision: '87c69e2', time: '2015-06-04 16:17:10'
System info: host: 'Arun-PC', ip: '192.2.200.57', os.name: 'Windows 7', os.arch: 'amd64', os.version: '6.1', java.version: '1.8.0_05'
Driver info: org.openqa.selenium.chrome.ChromeDriver
Capabilities [{applicationCacheEnabled=false, rotatable=false, mobileEmulationEnabled=false, chrome={userDataDir=C:\Users\Arun\AppData\Local\Temp\scoped_dir12380_26795}, takesHeapSnapshot=true, databaseEnabled=false, handlesAlerts=true, version=44.0.2403.125, platform=XP, browserConnectionEnabled=false, nativeEvents=true, acceptSslCerts=true, locationContextEnabled=true, webStorageEnabled=true, browserName=chrome, takesScreenshot=true, javascriptEnabled=true, cssSelectorsEnabled=true}]
Session ID: 992ef4b30402f8ef839f4cf217aad164
*** Element info: {Using=xpath, value=html/body/div[2]/article/div/div[1]/section/div/img}
	at org.openqa.selenium.remote.ErrorHandler.createThrowable(ErrorHandler.java:204)
	at org.openqa.selenium.remote.ErrorHandler.throwIfResponseFailed(ErrorHandler.java:156)
	at org.openqa.selenium.remote.RemoteWebDriver.execute(RemoteWebDriver.java:605)
	at org.openqa.selenium.remote.RemoteWebDriver.findElement(RemoteWebDriver.java:358)
	at org.openqa.selenium.remote.RemoteWebDriver.findElementByXPath(RemoteWebDriver.java:455)
	at org.openqa.selenium.By$ByXPath.findElement(By.java:358)
	at org.openqa.selenium.remote.RemoteWebDriver.findElement(RemoteWebDriver.java:350)
	at org.openqa.selenium.support.pagefactory.DefaultElementLocator.findElement(DefaultElementLocator.java:69)
	at org.openqa.selenium.support.pagefactory.internal.LocatingElementHandler.invoke(LocatingElementHandler.java:38)
	at com.sun.proxy.$Proxy7.getAttribute(Unknown Source)
	at fotf_Objects.FotfChannelPageobjects.featuredimg(FotfChannelPageobjects.java:45)
	at fotf_Testcase.Channelpage.verify_fotf_channel(Channelpage.java:11)
	at fotf_DDF.XmlUtil.autoRunXml(XmlUtil.java:151)
	at fotf_Config.Trigger.triggerProject(Trigger.java:12)
... Removed 48 stack frames]]>
    </failure>
  </testcase> <!-- verify_fotf_channel -->
  <testcase name="sample1" time="0.0" classname="fotf_Testcase.Channelpage"/>
  <testcase name="sample2" time="0.0" classname="fotf_Testcase.Channelpage"/>
  <testcase name="sample3" time="0.0" classname="fotf_Testcase.Channelpage"/>
</testsuite> <!-- Chrome -->
