<?xml version="1.0" encoding="UTF-8"?>
<!-- Generated by org.testng.reporters.JUnitXMLReporter -->
<testsuite hostname="Arun-PC" name="Test" tests="9" failures="1" timestamp="31 Jul 2015 14:15:36 GMT" time="37.43" errors="0">
  <testcase name="sample1" time="0.0" classname="fotf_Testcase.Homepage"/>
  <testcase name="sample2" time="0.001" classname="fotf_Testcase.Homepage"/>
  <testcase name="sample3" time="0.0" classname="fotf_Testcase.Homepage"/>
  <testcase name="click_fotf_channels" time="27.219" classname="fotf_Testcase.Homepage"/>
  <testcase name="verify_fotf_logo" time="0.049" classname="fotf_Testcase.Homepage"/>
  <testcase name="sample1" time="0.001" classname="fotf_Testcase.Channelpage"/>
  <testcase name="sample2" time="0.0" classname="fotf_Testcase.Channelpage"/>
  <testcase name="sample3" time="0.0" classname="fotf_Testcase.Channelpage"/>
  <testcase name="verify_fotf_channel" time="10.152" classname="fotf_Testcase.Channelpage">
    <failure type="org.openqa.selenium.NoSuchElementException" message="Unable to locate element: {&amp;quot;method&amp;quot;:&amp;quot;xpath&amp;quot;,&amp;quot;selector&amp;quot;:&amp;quot;html/body/div[2]/article/div/div[1]/section/div/img&amp;quot;}
Command duration or timeout: 10.12 seconds
For documentation on this error, please visit: http://seleniumhq.org/exceptions/no_such_element.html
Build info: version: &amp;apos;2.46.0&amp;apos;, revision: &amp;apos;87c69e2&amp;apos;, time: &amp;apos;2015-06-04 16:17:10&amp;apos;
System info: host: &amp;apos;Arun-PC&amp;apos;, ip: &amp;apos;192.2.200.57&amp;apos;, os.name: &amp;apos;Windows 7&amp;apos;, os.arch: &amp;apos;amd64&amp;apos;, os.version: &amp;apos;6.1&amp;apos;, java.version: &amp;apos;1.8.0_05&amp;apos;
Driver info: org.openqa.selenium.firefox.FirefoxDriver
Capabilities [{applicationCacheEnabled=true, rotatable=false, handlesAlerts=true, databaseEnabled=true, version=39.0, platform=WINDOWS, nativeEvents=false, acceptSslCerts=true, webStorageEnabled=true, locationContextEnabled=true, browserName=firefox, takesScreenshot=true, javascriptEnabled=true, cssSelectorsEnabled=true}]
Session ID: a0f759f1-3333-4225-8ae2-f55fae32fc99
*** Element info: {Using=xpath, value=html/body/div[2]/article/div/div[1]/section/div/img}">
      <![CDATA[org.openqa.selenium.NoSuchElementException: Unable to locate element: {"method":"xpath","selector":"html/body/div[2]/article/div/div[1]/section/div/img"}
Command duration or timeout: 10.12 seconds
For documentation on this error, please visit: http://seleniumhq.org/exceptions/no_such_element.html
Build info: version: '2.46.0', revision: '87c69e2', time: '2015-06-04 16:17:10'
System info: host: 'Arun-PC', ip: '192.2.200.57', os.name: 'Windows 7', os.arch: 'amd64', os.version: '6.1', java.version: '1.8.0_05'
Driver info: org.openqa.selenium.firefox.FirefoxDriver
Capabilities [{applicationCacheEnabled=true, rotatable=false, handlesAlerts=true, databaseEnabled=true, version=39.0, platform=WINDOWS, nativeEvents=false, acceptSslCerts=true, webStorageEnabled=true, locationContextEnabled=true, browserName=firefox, takesScreenshot=true, javascriptEnabled=true, cssSelectorsEnabled=true}]
Session ID: a0f759f1-3333-4225-8ae2-f55fae32fc99
*** Element info: {Using=xpath, value=html/body/div[2]/article/div/div[1]/section/div/img}
	at org.openqa.selenium.remote.ErrorHandler.createThrowable(ErrorHandler.java:204)
	at org.openqa.selenium.remote.ErrorHandler.throwIfResponseFailed(ErrorHandler.java:156)
	at org.openqa.selenium.remote.RemoteWebDriver.execute(RemoteWebDriver.java:605)
	at org.openqa.selenium.remote.RemoteWebDriver.findElement(RemoteWebDriver.java:358)
	at org.openqa.selenium.remote.RemoteWebDriver.findElementByXPath(RemoteWebDriver.java:455)
	at org.openqa.selenium.By$ByXPath.findElement(By.java:358)
	at org.openqa.selenium.remote.RemoteWebDriver.findElement(RemoteWebDriver.java:350)
	at org.openqa.selenium.support.pagefactory.DefaultElementLocator.findElement(DefaultElementLocator.java:69)
	at org.openqa.selenium.support.pagefactory.internal.LocatingElementHandler.invoke(LocatingElementHandler.java:38)
	at com.sun.proxy.$Proxy6.getAttribute(Unknown Source)
	at fotf_Objects.FotfChannelPageobjects.featuredimg(FotfChannelPageobjects.java:45)
	at fotf_Testcase.Channelpage.verify_fotf_channel(Channelpage.java:11)
Caused by: org.openqa.selenium.NoSuchElementException: Unable to locate element: {"method":"xpath","selector":"html/body/div[2]/article/div/div[1]/section/div/img"}
For documentation on this error, please visit: http://seleniumhq.org/exceptions/no_such_element.html
Build info: version: '2.46.0', revision: '87c69e2', time: '2015-06-04 16:17:10'
System info: host: 'Arun-PC', ip: '192.2.200.57', os.name: 'Windows 7', os.arch: 'amd64', os.version: '6.1', java.version: '1.8.0_05'
Driver info: driver.version: unknown
	at <anonymous class>.FirefoxDriver.prototype.findElementInternal_(file:///C:/Users/Arun/AppData/Local/Temp/anonymous3434152030210266154webdriver-profile/extensions/fxdriver@googlecode.com/components/driver-component.js:10299)
	at <anonymous class>.fxdriver.Timer.prototype.setTimeout/<.notify(file:///C:/Users/Arun/AppData/Local/Temp/anonymous3434152030210266154webdriver-profile/extensions/fxdriver@googlecode.com/components/driver-component.js:603)
... Removed 27 stack frames]]>
    </failure>
  </testcase> <!-- verify_fotf_channel -->
</testsuite> <!-- Test -->
